<?xml version="1.0" encoding="UTF-8"?>
<!-- Generated by org.testng.reporters.JUnitReportReporter -->
<testsuite hostname="DESKTOP-00LN2H51" failures="0" tests="1" name="tests.ManageUser" time="90.019" errors="0" timestamp="6 Jun 2020 20:47:40 GMT">
  <testcase classname="tests.ManageUser" name="AddUser" time="90.019"/>
</testsuite> <!-- tests.ManageUser -->
